<?xml version="1.0" encoding="UTF-8"?>
<!-- Generated by org.testng.reporters.JUnitReportReporter -->
<testsuite hostname="DESKTOP-2L70A79" failures="0" tests="2" name="testng.DependsOnMethodsTest" time="9.213" errors="0" timestamp="2024-08-28T16:01:42 IST" skipped="0">
  <testcase classname="testng.DependsOnMethodsTest" name="navigateToApp" time="4.820"/>
  <system-out/>
  <testcase classname="testng.DependsOnMethodsTest" name="loginToApp" time="4.393"/>
  <system-out/>
</testsuite> <!-- testng.DependsOnMethodsTest -->
