<?xml version="1.0" encoding="UTF-8"?>
<!-- Generated by org.testng.reporters.JUnitReportReporter -->
<testsuite hostname="DESKTOP-2L70A79" failures="0" tests="1" name="annotations.TestClass" time="0.005" errors="0" timestamp="2024-08-26T15:18:47 IST" skipped="0">
  <testcase classname="annotations.TestClass" name="testMethod" time="0.005"/>
  <system-out/>
</testsuite> <!-- annotations.TestClass -->
