<?xml version="1.0" encoding="UTF-8"?>
<!-- Generated by org.testng.reporters.JUnitReportReporter -->
<testsuite hostname="DESKTOP-2L70A79" failures="0" tests="1" name="grooming.ReadAllDataFromExcel2" time="0.620" errors="0" timestamp="2024-10-30T11:51:43 IST" skipped="0">
  <testcase classname="grooming.ReadAllDataFromExcel2" name="readMultipleData" time="0.620"/>
  <system-out/>
</testsuite> <!-- grooming.ReadAllDataFromExcel2 -->
