<?xml version="1.0" encoding="UTF-8"?>
<!-- Generated by org.testng.reporters.JUnitReportReporter -->
<testsuite hostname="DESKTOP-2L70A79" failures="0" tests="1" name="testng.SampleTest" time="0.002" errors="0" timestamp="2024-08-28T16:01:42 IST" skipped="0">
  <testcase classname="testng.SampleTest" name="test0" time="0.002"/>
  <system-out>
    <![CDATA[Hello World!]]>
  </system-out>
</testsuite> <!-- testng.SampleTest -->
