<?xml version="1.0" encoding="UTF-8"?>
<!-- Generated by org.testng.reporters.JUnitReportReporter -->
<testsuite hostname="DESKTOP-2L70A79" failures="0" tests="3" name="crossBrowserParallel.Test2" time="4.054" errors="0" timestamp="2024-08-27T16:25:59 IST" skipped="0">
  <testcase classname="crossBrowserParallel.Test2" name="primeVideoTest" time="1.339"/>
  <system-out/>
  <testcase classname="crossBrowserParallel.Test2" name="primeVideoTest" time="1.410"/>
  <system-out/>
  <testcase classname="crossBrowserParallel.Test2" name="primeVideoTest" time="1.305"/>
  <system-out/>
</testsuite> <!-- crossBrowserParallel.Test2 -->
