<?xml version="1.0" encoding="UTF-8"?>
<!-- Generated by org.testng.reporters.JUnitReportReporter -->
<testsuite hostname="DESKTOP-2L70A79" failures="0" tests="6" name="testng.PrioritizeTests" time="0.009" errors="0" timestamp="2024-08-28T16:01:42 IST" skipped="0">
  <testcase classname="testng.PrioritizeTests" name="demo3" time="0.001"/>
  <system-out>
    <![CDATA[demo3]]>
  </system-out>
  <testcase classname="testng.PrioritizeTests" name="demo5" time="0.002"/>
  <system-out>
    <![CDATA[demo5]]>
  </system-out>
  <testcase classname="testng.PrioritizeTests" name="demo4" time="0.001"/>
  <system-out>
    <![CDATA[demo4]]>
  </system-out>
  <testcase classname="testng.PrioritizeTests" name="demo6" time="0.004"/>
  <system-out>
    <![CDATA[demo6]]>
  </system-out>
  <testcase classname="testng.PrioritizeTests" name="demo1" time="0.001"/>
  <system-out>
    <![CDATA[demo1]]>
  </system-out>
  <testcase classname="testng.PrioritizeTests" name="demo2" time="0.000"/>
  <system-out>
    <![CDATA[demo2]]>
  </system-out>
</testsuite> <!-- testng.PrioritizeTests -->
