<?xml version="1.0" encoding="UTF-8"?>
<!-- Generated by org.testng.reporters.JUnitReportReporter -->
<testsuite hostname="DESKTOP-2L70A79" failures="0" tests="3" name="testng.DataProviderTest" time="0.008" errors="0" timestamp="2024-08-29T15:20:26 IST" skipped="0">
  <testcase classname="testng.DataProviderTest" name="bookTicketTest" time="0.001"/>
  <system-out/>
  <testcase classname="testng.DataProviderTest" name="bookTicketTest" time="0.002"/>
  <system-out/>
  <testcase classname="testng.DataProviderTest" name="bookTicketTest" time="0.005"/>
  <system-out/>
</testsuite> <!-- testng.DataProviderTest -->
