<?xml version="1.0" encoding="UTF-8"?>
<!-- Generated by org.testng.reporters.JUnitReportReporter -->
<testsuite hostname="DESKTOP-2L70A79" failures="0" tests="1" name="grooming.ReadFromExcel" time="0.569" errors="0" timestamp="2024-10-03T17:17:21 IST" skipped="0">
  <testcase classname="grooming.ReadFromExcel" name="readFromExcel" time="0.569"/>
  <system-out/>
</testsuite> <!-- grooming.ReadFromExcel -->
