<?xml version="1.0" encoding="UTF-8"?>
<!-- Generated by org.testng.reporters.JUnitReportReporter -->
<testsuite hostname="DESKTOP-2L70A79" failures="0" tests="2" name="distributedParallel.Test6" time="0.006" errors="0" timestamp="2024-08-28T16:13:54 IST" skipped="0">
  <testcase classname="distributedParallel.Test6" name="demo1" time="0.005"/>
  <system-out/>
  <testcase classname="distributedParallel.Test6" name="demo2" time="0.001"/>
  <system-out/>
</testsuite> <!-- distributedParallel.Test6 -->
