<?xml version="1.0" encoding="UTF-8"?>
<!-- Generated by org.testng.reporters.JUnitReportReporter -->
<testsuite hostname="DESKTOP-2L70A79" failures="0" tests="1" name="distributedParallel.Test5" time="0.006" errors="0" timestamp="2024-08-28T16:15:46 IST" skipped="0">
  <testcase classname="distributedParallel.Test5" name="demo2" time="0.006"/>
  <system-out/>
</testsuite> <!-- distributedParallel.Test5 -->
