<?xml version="1.0" encoding="UTF-8"?>
<!-- Generated by org.testng.reporters.JUnitReportReporter -->
<testsuite hostname="DESKTOP-2L70A79" failures="0" tests="1" name="grooming.ReadAllDataFromExcel" time="0.561" errors="0" timestamp="2024-10-03T17:24:26 IST" skipped="0">
  <testcase classname="grooming.ReadAllDataFromExcel" name="readMultipleData" time="0.561"/>
  <system-out/>
</testsuite> <!-- grooming.ReadAllDataFromExcel -->
